<?xml version="1.0" encoding="UTF-8"?>
<!-- Generated by org.testng.reporters.JUnitReportReporter -->
<testsuite skipped="0" hostname="DESKTOP-ACI7R7L" name="TestRunner.WebRunnerTest" tests="3" failures="0" timestamp="2023-06-04T10:18:43 BDT" time="19.045" errors="0">
  <testcase name="runScenario" time="13.446" classname="TestRunner.WebRunnerTest"/>
  <system-out/>
  <testcase name="runScenario" time="0.994" classname="TestRunner.WebRunnerTest"/>
  <system-out/>
  <testcase name="runScenario" time="4.605" classname="TestRunner.WebRunnerTest"/>
  <system-out/>
</testsuite> <!-- TestRunner.WebRunnerTest -->
